Process 6 counted languages: Counter({'en': 2713400, 'de': 206037, '<None>': 106274, 'fr': 49848, 'es': 37058, 'ja': 26880, 'ru': 22281, 'nl': 21588, 'zh': 18649, 'it': 14412, 'pt': 13226, 'zh-CN': 11505, 'fi': 9013, 'uk': 8333, 'sv': 6286, 'ca': 4482, 'sco': 3315, 'th': 3088, 'fa': 2694, 'pl': 2579, 'da': 2004, 'zh-TW': 1484, 'no': 1218, 'cy': 1132, 'cs': 948, 'lt': 838, 'nb': 786, 'ko': 758, 'el': 657, 'hu': 627, 'qme': 579, 'ro': 482, 'he': 426, 'eo': 399, 'zxx': 393, 'vi': 391, 'und': 385, 'tr': 378, 'zh-HK': 360, 'gl': 340, 'id': 310, 'tl': 309, 'eu': 207, 'in': 201, 'EN': 195, 'ar': 178, 'en-gb': 161, 'et': 157, 'ga': 154, 'nn': 154, 'gd': 152, 'is': 142, 'un': 140, 'hr': 130, 'ht': 128, 'sl': 124, 'lv': 112, 'af': 98, 'zhCn': 87, 'jv': 84, 'sk': 74, 'art': 73, 'ms': 71, 'aa': 55, 'sw': 52, 'hi': 50, 'lb': 41, 'co': 36, 'kk': 35, 'qst': 32, 'en-us': 27, 'sr': 24, 'la': 23, 'bg': 20, 'ber': 19, 'ta': 19, 'be': 16, 'hy': 14, 'am': 14, 'DE': 14, 'sq': 11, 'kn': 11, 'as': 11, 'ie': 10, 'tok': 9, 'wo': 9, 'lad': 8, 'om': 7, 'qht': 7, 'fy': 7, 'startrek_it': 6, 'zh-hans': 6, 'yi': 5, 'ak': 5, 'br': 4, 'sn': 4, 'ast': 4, 'rn': 3, 'az': 3, 'tlh': 3, 'ae': 3, 'qam': 3, 'fo': 3, 'ml': 3, 'zu': 2, 'mr': 2, 'mt': 2, 'unk': 2, 'ne': 2, 'chr': 2, 'vo': 1, 'an': 1, 'mi': 1, 'lfn': 1, 'ia': 1, 'mg': 1, 'so': 1, 'ur': 1, 'zite': 1, 'tk': 1, 'km': 1, 'cv': 1, 'bs': 1, 'uz': 1, 'ab': 1, 'ny': 1, 'mul': 1, 'esAr': 1, 'ky': 1, 'ptBr': 1, 'RU': 1, 'ksh': 1})
Process 5 counted languages: Counter({'en': 2713820, 'de': 211629, '<None>': 93982, 'fr': 51258, 'es': 39493, 'zh': 33498, 'ja': 24927, 'nl': 24457, 'it': 17619, 'ru': 16826, 'zh-CN': 10001, 'fi': 9821, 'pt': 9396, 'sv': 7633, 'uk': 5714, 'ca': 4312, 'th': 2881, 'fa': 2803, 'pl': 2570, 'da': 1956, 'zh-TW': 1459, 'no': 1324, 'el': 1118, 'cy': 1072, 'cs': 1043, 'nb': 789, 'ko': 704, 'hu': 698, 'qme': 582, 'tr': 524, 'eo': 454, 'en-us': 437, 'he': 408, 'zxx': 406, 'und': 356, 'eu': 343, 'ar': 342, 'id': 301, 'ro': 281, 'gl': 277, 'zh-HK': 247, 'tl': 225, 'EN': 195, 'et': 193, 'nn': 174, 'is': 169, 'lt': 155, 'hr': 146, 'ga': 131, 'lv': 122, 'startrek_it': 116, 'af': 108, 'en-gb': 108, 'sl': 99, 'in': 98, 'gd': 96, 'zhCn': 88, 'ms': 80, 'sk': 74, 'hy': 68, 'vi': 67, 'hi': 65, 'art': 61, 'jv': 60, 'lb': 53, 'ber': 51, 'la': 50, 'ht': 48, 'kk': 46, 'bg': 45, 'un': 40, 'sr': 38, 'qst': 37, 'sq': 35, 'co': 28, 'rn': 23, 'fy': 22, 'sw': 21, 'aa': 21, 'be': 19, 'sco': 17, 'tok': 14, 'ta': 13, 'am': 13, 'tlh': 13, 'mg': 11, 'zu': 11, 'qht': 11, 'an': 9, 'sn': 8, 'so': 8, 'mr': 6, 'yi': 5, 'vo': 5, 'ne': 4, 'DE': 4, 'xh': 4, 'lad': 4, 'br': 4, 'uz': 4, 'oc': 4, 'mt': 3, 'ig': 3, 'tk': 3, 'ky': 3, 'ak': 3, 'bs': 3, 'ha': 3, 'TH': 3, 'km': 3, 'mi': 2, 'ae': 2, 'ny': 2, 'mk': 2, 'st': 2, 'CS': 2, 'kw': 2, 'ksh': 2, 'qam': 1, 'su': 1, 'ab': 1, 'az': 1, 'sm': 1, 'sc': 1, 'my': 1, 'tg': 1, 'za': 1, 'li': 1, 'mn': 1, 'FI': 1, 'bn': 1, 'yo': 1, 'ie': 1, 'om': 1, 'ml': 1})
Process 3 counted languages: Counter({'en': 2807205, 'de': 210866, '<None>': 82622, 'fr': 42774, 'zh': 42162, 'es': 41334, 'ru': 27903, 'nl': 22937, 'ja': 22612, 'it': 21827, 'fi': 17539, 'pt': 8604, 'en-us': 6371, 'sv': 6001, 'ca': 4804, 'uk': 3076, 'th': 2947, 'pl': 2247, 'da': 2003, 'cs': 1773, 'no': 1508, 'tr': 1384, 'ko': 1376, 'el': 1346, 'lt': 1081, 'cy': 932, 'hu': 903, 'ar': 893, 'nb': 822, 'fa': 811, 'eo': 614, 'he': 559, 'qme': 558, 'en-gb': 504, 'zxx': 327, 'id': 316, 'und': 296, 'gl': 295, 'nn': 258, 'sk': 250, 'in': 208, 'ro': 185, 'gd': 166, 'tl': 162, 'ht': 161, 'hr': 150, 'lv': 129, 'is': 123, 'ga': 119, 'sl': 114, 'lb': 108, 'startrek_it': 98, 'sr': 91, 'et': 91, 'ms': 86, 'eu': 83, 'zhCn': 79, 'art': 78, 'vi': 73, 'bg': 51, 'af': 47, 'aa': 45, 'ne': 45, 'am': 39, 'co': 32, 'qst': 31, 'be': 21, 'pt-br': 20, 'sco': 20, 'fy': 19, 'bn': 18, 'la': 16, 'hi': 16, 'qht': 11, 'ptPt': 10, 'km': 9, 'mi': 9, 'sn': 8, 'yi': 7, 'mr': 6, 'zu': 6, 'tok': 6, 'mt': 5, 'kk': 5, 'ha': 5, 'su': 4, 'so': 4, 'ak': 4, 'ig': 4, 'ta': 4, 'jv': 4, 'kw': 4, 'xh': 3, 'ps': 3, 'kn': 3, 'ber': 3, 'ptBr': 2, 'sc': 2, 'ml': 2, 'mk': 2, 'ku': 2, 'tlh': 2, 'zhTw': 2, 'ae': 2, 'yo': 2, 'az': 2, 'an': 2, 'cu': 1, 'bs': 1, 'ldn': 1, 'lad': 1, 'sw': 1, 'ho': 1, 'ay': 1, 'mh': 1, 'sd': 1, 'zgh': 1, 'wa': 1, 'mg': 1, 'sm': 1, 'ast': 1, 'sq': 1, 'cv': 1, 'hy': 1, 'io': 1, 'st': 1, 'br': 1, 'chr': 1, 'ab': 1, 'rn': 1})
Process 2 counted languages: Counter({'en': 2866268, 'de': 208669, '<None>': 81169, 'es': 46270, 'zh': 40098, 'fr': 39796, 'ru': 28393, 'fi': 26964, 'nl': 26510, 'it': 24086, 'ja': 21505, 'pt': 10425, 'en-us': 6186, 'ca': 5705, 'sv': 4177, 'th': 4091, 'da': 2421, 'ko': 2382, 'pl': 1992, 'uk': 1929, 'el': 1712, 'hr': 1563, 'tr': 1318, 'no': 1024, 'fa': 879, 'cy': 820, 'cs': 809, 'id': 723, 'nb': 665, 'ar': 638, 'hu': 632, 'he': 564, 'eo': 404, 'qme': 404, 'gl': 350, 'en-gb': 332, 'und': 276, 'zxx': 254, 'ro': 233, 'ht': 220, 'nn': 188, 'sr': 185, 'lt': 182, 'et': 180, 'in': 142, 'sl': 138, 'tl': 128, 'vi': 111, 'is': 109, 'ms': 101, 'lb': 96, 'zhCn': 91, 'mi': 84, 'am': 77, 'eu': 76, 'ga': 69, 'art': 65, 'startrek_it': 64, 'hi': 63, 'ptPt': 63, 'lv': 63, 'gd': 62, 'sk': 48, 'co': 48, 'ta': 45, 'aa': 44, 'af': 41, 'sco': 21, 'be': 21, 'fy': 20, 'qst': 19, 'bg': 19, 'ne': 16, 'km': 14, 'la': 14, 'mg': 10, 'mt': 10, 'sq': 9, 'ig': 9, 'sn': 9, 'zu': 8, 'kk': 8, 'tok': 7, 'jv': 7, 'ml': 7, 'bs': 6, 'mr': 5, 'oc': 5, 'pt-br': 5, 'lad': 5, 'squeak': 4, 'su': 4, 'yi': 4, 'sc': 4, 'qht': 3, 'ak': 3, 'ny': 3, 'xh': 3, 'tw': 3, 'mk': 2, 'bn': 2, 'kab': 2, 'so': 2, 'ia': 2, 'sa': 2, 'ur': 2, 'sm': 2, 'ha': 2, 'ff': 1, 'wa': 1, 'ae': 1, 'sw': 1, 'ch': 1, 'kj': 1, 'szl': 1, 'bh': 1, 'cu': 1, 'hy': 1, 'ky': 1, 'ast': 1, 'as': 1, 'rm': 1, 'ab': 1, 'cnr': 1, 'ku': 1, 'enMo': 1, 'br': 1, 'kw': 1, 'qam': 1, 'my': 1, 'fo': 1, 'zhHk': 1})
Process 4 counted languages: Counter({'en': 2714856, 'de': 205626, '<None>': 83734, 'fr': 47887, 'zh': 46233, 'es': 41472, 'nl': 25145, 'ru': 23499, 'ja': 19492, 'it': 15769, 'fi': 10607, 'pt': 9358, 'sv': 7623, 'en-us': 4788, 'uk': 3990, 'ca': 3847, 'th': 2865, 'pl': 2813, 'da': 2237, 'fa': 1784, 'no': 1496, 'cs': 1071, 'el': 1000, 'ko': 946, 'cy': 945, 'nb': 793, 'hu': 758, 'ar': 728, 'zh-CN': 644, 'he': 603, 'qme': 498, 'eu': 452, 'tr': 439, 'zxx': 394, 'eo': 393, 'lt': 359, 'und': 332, 'tl': 295, 'gl': 292, 'en-gb': 238, 'nn': 210, 'gd': 186, 'id': 171, 'sk': 152, 'et': 151, 'in': 139, 'hr': 129, 'ms': 127, 'ro': 117, 'is': 112, 'ga': 111, 'sl': 105, 'zh-TW': 96, 'art': 89, 'zhCn': 88, 'af': 86, 'lv': 85, 'ht': 72, 'sco': 64, 'jv': 57, 'lb': 56, 'ber': 54, 'startrek_it': 53, 'be': 52, 'vi': 48, 'qst': 47, 'ta': 46, 'sr': 44, 'co': 37, 'ne': 35, 'rn': 29, 'la': 27, 'hy': 26, 'qht': 23, 'aa': 23, 'fy': 18, 'sq': 18, 'am': 16, 'zh-HK': 16, 'bg': 15, 'kk': 13, 'mg': 12, 'hi': 12, 'EN': 11, 'km': 10, 'tok': 8, 'sw': 8, 'zu': 6, 'pt-br': 6, 'so': 6, 'yi': 6, 'tlh': 5, 'sn': 5, 'bn': 4, 'mt': 4, 'tk': 4, 'ny': 4, 'xh': 3, 'ha': 3, 'ig': 3, 'ml': 3, 'mr': 3, 'ptBr': 3, 'uz': 3, 'dv': 3, 'szl': 2, 'oc': 2, 'az': 2, 'ab': 2, 'ae': 2, 'sc': 2, 'ldn': 1, 'mk': 1, 'lad': 1, 'yo': 1, 'ast': 1, 'mi': 1, 'ln': 1, 'ky': 1, 'tg': 1, 'cr': 1, 'kj': 1, 'zgh': 1, 'su': 1, 'ak': 1, 'ee': 1, 'ng': 1, 'kn': 1, 'ba': 1, 'se': 1, 'kab': 1, 'vo': 1, 'bs': 1, 'as': 1, 'ku': 1, 'DE': 1, 'an': 1})
Process 7 counted languages: Counter({'en': 2724115, 'de': 202994, '<None>': 100488, 'fr': 59543, 'es': 36950, 'nl': 23390, 'ja': 23376, 'ru': 20636, 'zh': 19112, 'it': 15340, 'pt': 13092, 'zh-CN': 11108, 'fi': 8653, 'sv': 8237, 'ca': 4063, 'uk': 3320, 'pl': 2779, 'da': 2385, 'th': 2354, 'zh-TW': 1681, 'fa': 1597, 'nb': 1152, 'el': 1033, 'cy': 1023, 'cs': 1018, 'ro': 943, 'no': 924, 'sco': 921, 'ko': 902, 'lt': 893, 'hu': 608, 'tr': 493, 'vi': 471, 'he': 466, 'eo': 459, 'qme': 406, 'zh-HK': 402, 'gl': 318, 'is': 289, 'ar': 287, 'tl': 268, 'id': 260, 'zxx': 257, 'un': 252, 'EN': 242, 'ga': 227, 'und': 205, 'eu': 189, 'gd': 179, 'nn': 157, 'sk': 144, 'ht': 138, 'et': 134, 'in': 118, 'af': 117, 'hr': 105, 'hi': 99, 'sl': 92, 'lv': 91, 'ms': 86, 'zhCn': 81, 'jv': 69, 'art': 54, 'ak': 54, 'lb': 47, 'kk': 37, 'sr': 35, 'as': 34, 'sw': 25, 'bg': 25, 'om': 23, 'be': 22, 'DE': 19, 'la': 18, 'am': 15, 'co': 14, 'ber': 14, 'en-us': 12, 'fy': 11, 'yi': 10, 'tok': 10, 'qst': 8, 'ta': 7, 'aa': 7, 'bm': 7, 'oc': 7, 'kn': 6, 'sn': 6, 'an': 6, 'ku': 5, 'br': 5, 'sq': 4, 'rn': 4, 'ksh': 4, 'ab': 4, 'qht': 3, 'tlh': 3, 'mg': 3, 'az': 3, 'sc': 3, 'ff': 3, 'ky': 2, 'bn': 2, 'zh-hans': 2, 'ptBr': 2, 'zu': 2, 'mi': 2, 'mk': 1, 'hy': 1, 'ae': 1, 'km': 1, 'mr': 1, 'so': 1, 'bs': 1, 'RU': 1, 'ml': 1, 'ast': 1, 'mn': 1, 'xh': 1, 'cv': 1, 'mul': 1, 'ID': 1})
Process 0 counted languages: Counter({'en': 2990065, 'de': 188042, 'es': 90214, 'zh': 52144, '<None>': 51630, 'fr': 49160, 'nl': 46418, 'it': 24251, 'ru': 23744, 'fi': 23557, 'pt': 20602, 'ja': 15067, 'hu': 8482, 'uk': 6397, 'ca': 5653, 'en-us': 4780, 'th': 4354, 'sv': 4128, 'pl': 3969, 'ko': 3541, 'el': 2853, 'id': 2404, 'da': 2362, 'ar': 1789, 'sl': 1616, 'tr': 1375, 'cs': 1367, 'cy': 1206, 'no': 871, 'fa': 847, 'ro': 840, 'gl': 825, 'eo': 627, 'he': 539, 'sr': 411, 'nb': 379, 'ga': 342, 'ms': 327, 'vi': 270, 'et': 148, 'en-gb': 146, 'hr': 134, 'lv': 118, 'nn': 116, 'zxx': 103, 'lb': 93, 'bg': 91, 'eu': 87, 'sw': 84, 'zhCn': 80, 'pt-br': 80, 'aa': 75, 'is': 73, 'gd': 67, 'sk': 66, 'af': 65, 'startrek_it': 61, 'ta': 55, 'und': 51, 'bn': 46, 'fy': 39, 'tl': 34, 'sco': 30, 'la': 30, 'ptBr': 29, 'lt': 29, 'mk': 29, 'mg': 29, 'co': 28, 'squeak': 28, 'zu': 27, 'ptPt': 25, 'so': 24, 'mt': 22, 'be': 22, 'km': 19, 'jv': 17, 'sn': 15, 'ig': 13, 'hi': 13, 'sm': 11, 'az': 10, 'ast': 8, 'uz': 7, 'ny': 7, 'tok': 7, 'am': 6, 'in': 6, 'as': 6, 'sq': 5, 'ha': 4, 'xh': 4, 'esAr': 4, 'zhTw': 4, 'qht': 4, 'kk': 4, 'qme': 4, 'ku': 3, 'su': 3, 'bs': 3, 'mi': 3, 'ht': 3, 'ae': 2, 'av': 2, 'ur': 2, 'ab': 2, 'sc': 2, 'yo': 2, 'mr': 2, 'fo': 2, 'si': 1, 'st': 1, 'br': 1, 'nds': 1, 'oc': 1, 'pa': 1, 'ky': 1, 'enCy': 1, 'art': 1, 'my': 1, 'ss': 1, 'qst': 1, 'te': 1, 'enMo': 1})
Process 1 counted languages: Counter({'en': 2961922, 'de': 201674, 'es': 52912, '<None>': 44902, 'fr': 43462, 'zh': 37957, 'nl': 30977, 'ru': 26633, 'fi': 25837, 'ja': 24792, 'it': 24675, 'pt': 12607, 'en-us': 5845, 'th': 5203, 'ca': 4979, 'hr': 4412, 'sv': 3489, 'uk': 2453, 'da': 2191, 'ko': 2160, 'el': 1938, 'pl': 1851, 'cy': 1444, 'cs': 943, 'id': 746, 'no': 717, 'tr': 704, 'fa': 593, 'hu': 529, 'nb': 525, 'ar': 486, 'he': 457, 'eo': 404, 'gl': 323, 'zxx': 314, 'ro': 192, 'und': 192, 'qme': 171, 'nn': 169, 'et': 160, 'ht': 154, 'tl': 139, 'vi': 113, 'ms': 108, 'sl': 107, 'in': 104, 'en-gb': 104, 'lv': 89, 'is': 89, 'zhCn': 87, 'sk': 74, 'ga': 74, 'eu': 73, 'sco': 72, 'gd': 57, 'startrek_it': 55, 'sq': 55, 'af': 49, 'hi': 44, 'lb': 43, 'squeak': 43, 'mi': 41, 'sr': 38, 'ptPt': 35, 'co': 34, 'ta': 32, 'aa': 25, 'pt-br': 20, 'lt': 20, 'art': 20, 'fy': 19, 'bg': 19, 'km': 17, 'am': 16, 'qst': 13, 'kk': 11, 'zu': 11, 'jv': 10, 'la': 9, 'mg': 8, 'sn': 8, 'so': 8, 'be': 8, 'na': 8, 'mr': 7, 'qht': 6, 'ig': 6, 'mk': 6, 'bs': 5, 'oc': 5, 'ny': 5, 'mt': 4, 'uz': 4, 'ae': 4, 'lad': 4, 'ldn': 3, 'yi': 3, 'qam': 3, 'xh': 3, 'ak': 3, 'ur': 2, 'ha': 2, 'ab': 2, 'sw': 2, 'tg': 2, 'st': 2, 'bn': 2, 'tok': 2, 'br': 1, 'su': 1, 'fo': 1, 'zhTw': 1, 'dv': 1, 'lfn': 1, 'kab': 1, 'cu': 1, 'bm': 1, 'enMo': 1})
Total language counts: [('en', 22491651), ('de', 1635537), ('<None>', 644801), ('es', 385703), ('fr', 383728), ('zh', 289853), ('nl', 221422), ('ru', 189915), ('ja', 178651), ('it', 157979), ('fi', 131991), ('pt', 97310), ('sv', 47574), ('ca', 37845), ('uk', 35212), ('zh-CN', 33258), ('en-us', 28446), ('th', 27783), ('pl', 20800), ('da', 17559), ('hu', 13237), ('ko', 12769), ('fa', 12008), ('el', 11657), ('no', 9082), ('cs', 8972), ('cy', 8574), ('hr', 6769), ('tr', 6615), ('nb', 5911), ('ar', 5341), ('id', 5231), ('zh-TW', 4720), ('sco', 4460), ('he', 4022), ('eo', 3754), ('lt', 3557), ('ro', 3273), ('qme', 3202), ('gl', 3020), ('zxx', 2448), ('sl', 2395), ('und', 2093), ('en-gb', 1593), ('tl', 1560), ('vi', 1544), ('eu', 1510), ('nn', 1426), ('ga', 1227), ('et', 1214), ('is', 1106), ('zh-HK', 1025), ('in', 1016), ('ms', 986), ('gd', 965), ('ht', 924), ('sk', 882), ('sr', 866), ('lv', 809), ('zhCn', 681), ('EN', 643), ('af', 611), ('lb', 537), ('startrek_it', 453), ('art', 441), ('un', 432), ('hi', 362), ('jv', 308), ('aa', 295), ('bg', 285), ('co', 257), ('ta', 221), ('am', 196), ('sw', 194), ('qst', 188), ('la', 187), ('be', 181), ('kk', 159), ('fy', 155), ('mi', 143), ('ber', 141), ('sq', 138), ('ptPt', 133), ('pt-br', 131), ('hy', 111), ('ne', 102), ('bn', 75), ('squeak', 75), ('mg', 75), ('km', 74), ('zu', 73), ('ak', 73), ('qht', 68), ('sn', 63), ('tok', 63), ('rn', 60), ('so', 54), ('as', 53), ('mt', 50), ('mk', 43), ('yi', 40), ('ig', 38), ('DE', 38), ('ptBr', 37), ('mr', 32), ('om', 31), ('tlh', 26), ('oc', 24), ('lad', 23), ('ny', 22), ('az', 21), ('bs', 21), ('xh', 21), ('kn', 21), ('ha', 19), ('uz', 19), ('an', 19), ('ae', 17), ('br', 17), ('ml', 17), ('ast', 16), ('sm', 15), ('su', 14), ('ab', 14), ('sc', 14), ('ku', 12), ('ie', 11), ('ky', 9), ('wo', 9), ('qam', 8), ('na', 8), ('bm', 8), ('tk', 8), ('zh-hans', 8), ('ur', 7), ('zhTw', 7), ('fo', 7), ('kw', 7), ('vo', 7), ('ksh', 7), ('st', 6), ('yo', 6), ('esAr', 5), ('ldn', 5), ('tg', 4), ('dv', 4), ('kab', 4), ('ff', 4), ('my', 3), ('enMo', 3), ('cu', 3), ('szl', 3), ('ia', 3), ('tw', 3), ('ps', 3), ('cv', 3), ('chr', 3), ('TH', 3), ('av', 2), ('lfn', 2), ('wa', 2), ('kj', 2), ('sa', 2), ('zgh', 2), ('mn', 2), ('CS', 2), ('unk', 2), ('mul', 2), ('RU', 2), ('si', 1), ('nds', 1), ('pa', 1), ('enCy', 1), ('ss', 1), ('te', 1), ('ch', 1), ('bh', 1), ('rm', 1), ('cnr', 1), ('zhHk', 1), ('ho', 1), ('ay', 1), ('mh', 1), ('sd', 1), ('io', 1), ('ln', 1), ('cr', 1), ('ee', 1), ('ng', 1), ('ba', 1), ('se', 1), ('za', 1), ('li', 1), ('FI', 1), ('zite', 1), ('ID', 1)]
Language | Frequency
---------|----------
en       | 22491651
de       | 1635537
<None>   | 644801
es       | 385703
fr       | 383728
zh       | 289853
nl       | 221422
ru       | 189915
ja       | 178651
it       | 157979
fi       | 131991
pt       | 97310
sv       | 47574
ca       | 37845
uk       | 35212
zh-CN    | 33258
en-us    | 28446
th       | 27783
pl       | 20800
da       | 17559
hu       | 13237
ko       | 12769
fa       | 12008
el       | 11657
no       | 9082
cs       | 8972
cy       | 8574
hr       | 6769
tr       | 6615
nb       | 5911
ar       | 5341
id       | 5231
zh-TW    | 4720
sco      | 4460
he       | 4022
eo       | 3754
lt       | 3557
ro       | 3273
qme      | 3202
gl       | 3020
zxx      | 2448
sl       | 2395
und      | 2093
en-gb    | 1593
tl       | 1560
vi       | 1544
eu       | 1510
nn       | 1426
ga       | 1227
et       | 1214
is       | 1106
zh-HK    | 1025
in       | 1016
ms       | 986
gd       | 965
ht       | 924
sk       | 882
sr       | 866
lv       | 809
zhCn     | 681
EN       | 643
af       | 611
lb       | 537
startrek_it| 453
art      | 441
un       | 432
hi       | 362
jv       | 308
aa       | 295
bg       | 285
co       | 257
ta       | 221
am       | 196
sw       | 194
qst      | 188
la       | 187
be       | 181
kk       | 159
fy       | 155
mi       | 143
ber      | 141
sq       | 138
ptPt     | 133
pt-br    | 131
hy       | 111
ne       | 102
bn       | 75
squeak   | 75
mg       | 75
km       | 74
zu       | 73
ak       | 73
qht      | 68
sn       | 63
tok      | 63
rn       | 60
so       | 54
as       | 53
mt       | 50
mk       | 43
yi       | 40
ig       | 38
DE       | 38
ptBr     | 37
mr       | 32
om       | 31
tlh      | 26
oc       | 24
lad      | 23
ny       | 22
az       | 21
bs       | 21
xh       | 21
kn       | 21
ha       | 19
uz       | 19
an       | 19
ae       | 17
br       | 17
ml       | 17
ast      | 16
sm       | 15
su       | 14
ab       | 14
sc       | 14
ku       | 12
ie       | 11
ky       | 9
wo       | 9
qam      | 8
na       | 8
bm       | 8
tk       | 8
zh-hans  | 8
ur       | 7
zhTw     | 7
fo       | 7
kw       | 7
vo       | 7
ksh      | 7
st       | 6
yo       | 6
esAr     | 5
ldn      | 5
tg       | 4
dv       | 4
kab      | 4
ff       | 4
my       | 3
enMo     | 3
cu       | 3
szl      | 3
ia       | 3
tw       | 3
ps       | 3
cv       | 3
chr      | 3
TH       | 3
av       | 2
lfn      | 2
wa       | 2
kj       | 2
sa       | 2
zgh      | 2
mn       | 2
CS       | 2
unk      | 2
mul      | 2
RU       | 2
si       | 1
nds      | 1
pa       | 1
enCy     | 1
ss       | 1
te       | 1
ch       | 1
bh       | 1
rm       | 1
cnr      | 1
zhHk     | 1
ho       | 1
ay       | 1
mh       | 1
sd       | 1
io       | 1
ln       | 1
cr       | 1
ee       | 1
ng       | 1
ba       | 1
se       | 1
za       | 1
li       | 1
FI       | 1
zite     | 1
ID       | 1
Execution time: 112.960295 seconds
