Process 0 counted languages: Counter({'en': 9143863, 'de': 270669, 'es': 72801, '<Missing>': 65358, 'fr': 59965, 'pt': 41571, 'pl': 36709, 'ja': 31261, 'fi': 20412, 'en-AU': 16165, 'nl': 12668, 'it': 9886, 'sv': 9313, 'zh': 4928, '<empty>': 4111, 'ko': 3949, 'ru': 3853, 'el': 3202, 'ca': 3112, 'uk': 2564, 'nb': 2554, 'sq': 2421, 'ak': 2298, 'da': 1920, 'ar': 1542, 'as': 1429, 'cs': 1341, 'en-US': 1162, 'tr': 1017, 'ga': 926, 'th': 887, 'aa': 870, 'av': 773, 'ay': 742, 'ae': 707, 'am': 686, 'af': 652, 'he': 640, 'hy': 626, 'an': 552, 'gl': 539, 'ab': 514, 'cy': 404, 'bg': 340, 'is': 335, 'Angika': 314, 'hu': 306, 'hr': 303, 'la': 299, 'et': 287, 'mi': 286, 'id': 254, 'no': 251, 'en-GB': 249, 'sk': 243, 'eo': 189, 'sr': 181, 'fa': 180, 'ro': 173, 'tl': 172, 'sl': 144, 'gd': 139, 'vi': 129, 'sc': 128, 'rn': 108, 'lt': 91, 'yi': 90, 'ja-JP': 82, 'ss': 81, 'tw': 80, 'eu': 78, 'lv': 76, 'ig': 74, 'fo': 70, 'hi': 63, 'fil': 63, 'cu': 57, 'mk': 53, 'lg': 53, 'nn': 50, 'az': 49, 'za': 47, 'zu': 47, 'ka': 45, 'ur': 44, 'bm': 42, 'st': 38, 'br': 36, 'ber': 34, 'ta': 31, 'bh': 25, 'sm': 22, 'ms': 20, 'ky': 20, 'en-CA': 20, 'kv': 19, 'ksh': 17, 'wo': 14, 'sco': 13, 'lb': 12, 'bn': 11, 'ia': 11, 'bs': 11, 'fr-FR': 10, 'pa': 10, 'be': 9, 'ti': 9, 'gv': 8, 'kw': 8, 'in': 8, 'fa-IR': 8, 'nl-NL': 6, 'tlh': 6, 'pi': 6, 'pt-BR': 6, 'ast': 6, 'fj': 6, 'moh': 6, 'ha': 4, 'fy': 4, 'vo': 3, 'oc': 3, 'es-ES': 3, 'dv': 3, 'de-DE': 3, 'sw': 3, 'ban': 3, 'dz': 3, 'km': 3, 'su': 3, 'wuu': 2, 'ie': 2, 'yue': 2, 'mg': 2, 'sa': 2, 'se': 2, 'gaa': 2, 'tk': 1, 'kk': 1, 'oj': 1, 'nl-BE': 1, 'ba': 1, 'yo': 1, 'ch': 1, 'tn': 1, 'nap': 1, 'iw': 1, 'ko-KR': 1, 'gsw': 1, 'zxx': 1, 'haw': 1, 'ht': 1, 'to': 1, 'ee': 1, 'my': 1, 'un': 1, 'co': 1, 'gn': 1, 'lou': 1, 'ars': 1, 'nd': 1, 'nr': 1, 'und': 1, 'ada': 1})
Process 2 counted languages: Counter({'en': 9086270, 'de': 322817, 'es': 65177, '<Missing>': 64280, 'fr': 63125, 'pt': 30603, 'pl': 26413, 'ja': 24855, 'fi': 20374, 'nl': 15719, 'en-AU': 12582, 'sv': 10142, 'it': 9774, 'ru': 3766, 'uk': 3677, 'el': 3617, 'zh': 3476, 'ak': 3299, 'sq': 3131, '<empty>': 2888, 'ko': 2862, 'ca': 2796, 'nb': 2607, 'da': 2535, 'ar': 2424, 'af': 1849, 'as': 1805, 'am': 1799, 'cs': 1706, 'aa': 1387, 'ga': 1370, 'av': 1178, 'an': 941, 'ab': 765, 'he': 706, 'en-US': 703, 'gl': 593, 'tr': 592, 'hr': 586, 'Angika': 551, 'hy': 548, 'th': 507, 'lg': 361, 'et': 334, 'sk': 316, 'hu': 298, 'no': 296, 'cy': 281, 'is': 233, 'en-GB': 232, 'sr': 221, 'id': 202, 'lt': 193, 'ae': 180, 'ro': 164, 'ay': 164, 'la': 157, 'tl': 146, 'eo': 137, 'mi': 136, 'lv': 129, 'vi': 129, 'bg': 128, 'gd': 118, 'cu': 112, 'fa': 83, 'rn': 80, 'st': 80, 'eu': 77, 'yi': 64, 'nn': 62, 'sa': 61, 'ja-JP': 52, 'br': 50, 'sl': 46, 'az': 46, 'zu': 45, 'za': 44, 'hi': 42, 'ig': 37, 'ta': 34, 'ho': 33, 'kv': 33, 'ky': 33, 'ss': 33, 'sc': 32, 'ug': 30, 'fj': 28, 'ch': 28, 'ny': 24, 'ber': 23, 'bm': 22, 'bn': 22, 'be': 21, 'fa-IR': 21, 'ka': 19, 'su': 19, 'en-CA': 19, 'ur': 19, 'ml': 17, 'bh': 15, 'pa': 15, 'tlh': 11, 'sco': 11, 'mg': 11, 'sm': 10, 'kw': 10, 'de-DE': 10, 'pt-BR': 9, 'fo': 9, 'mk': 9, 'fil': 9, 'gv': 8, 'ms': 8, 'bs': 8, 'ti': 8, 'fr-FR': 7, 'lb': 7, 'moh': 7, 'ban': 6, 'in': 6, 'ie': 5, 'wa': 5, 'wuu': 5, 'bo': 5, 'my': 5, 'se': 5, 'ksh': 4, 'vo': 4, 'nl-NL': 4, 'fy': 4, 'es-ES': 3, 'ba': 3, 'pi': 3, 'ht': 3, 'km': 3, 'sw': 2, 'jv': 2, 'gn': 2, 'wo': 2, 'lo': 2, 'dv': 2, 'en-UK': 2, 'oc': 1, 'iw': 1, 'haw': 1, 'ki': 1, 'lkt': 1, 'zh-tw': 1, 'uz': 1, 'ia': 1, 'yue': 1, 'gu': 1, 'tg': 1, 'iu': 1, 'tet': 1, 'cv': 1, 'ne': 1, 'nv': 1})
Process 4 counted languages: Counter({'en': 9136905, 'de': 224307, '<Missing>': 83331, 'es': 60073, 'fr': 59013, 'tr': 38606, 'pt': 34304, 'pl': 26877, 'ja': 25484, 'fi': 14824, 'en-AU': 14511, 'nl': 12758, 'it': 10352, 'sv': 8375, 'sq': 5027, 'ak': 4476, 'ru': 3984, 'zh': 3449, 'el': 3445, 'ko': 3406, 'ar': 3374, 'am': 3232, '<empty>': 3113, 'uk': 2863, 'ca': 2519, 'da': 2395, 'af': 1997, 'aa': 1829, 'nb': 1639, 'ga': 1451, 'av': 1384, 'ae': 1340, 'ab': 1293, 'cs': 1268, 'an': 1058, 'ay': 829, 'he': 820, 'as': 752, 'en-US': 707, 'th': 645, 'hy': 598, 'gl': 579, 'Angika': 578, 'la': 552, 'et': 450, 'cy': 368, 'sk': 354, 'hu': 279, 'is': 251, 'en-GB': 236, 'id': 209, 'no': 208, 'tl': 201, 'lt': 169, 'bg': 144, 'cu': 125, 'ro': 123, 'fa': 111, 'mi': 97, 'eu': 90, 'sl': 90, 'az': 87, 'vi': 86, 'bm': 85, 'rn': 82, 'lv': 79, 'eo': 73, 'lg': 72, 'bn': 64, 'fj': 63, 'yi': 60, 'gd': 59, 'hr': 56, 'ja-JP': 55, 'zu': 54, 'za': 49, 'nn': 47, 'st': 47, 'mk': 44, 'sr': 41, 'hi': 36, 'uz': 36, 'en-CA': 35, 'ksh': 29, 'ber': 28, 'be': 27, 'fa-IR': 27, 'ur': 18, 'bs': 14, 'ig': 14, 'ka': 14, 'sc': 13, 'nv': 12, 'ho': 10, 'sa': 10, 'gv': 10, 'de-DE': 10, 'ug': 10, 'kw': 9, 'fo': 8, 'moh': 8, 'oc': 7, 'sco': 7, 'tlh': 7, 'br': 7, 'bh': 7, 'bi': 7, 'kl': 7, 'my': 6, 'ss': 6, 'tn': 6, 'in': 6, 'vo': 5, 'pt-BR': 4, 'fil': 4, 'haw': 4, 'wo': 4, 'ta': 4, 'lo': 4, 'wa': 4, 'gsw': 4, 'frc': 4, 'ti': 3, 'iw': 3, 'yue': 3, 'jv': 3, 'pa': 3, 'gu': 2, 'iu': 2, 'ce': 2, 'ba': 2, 'ms': 2, 'mg': 2, 'ik': 1, 'ie': 1, 'ia': 1, 'und': 1, 'oj': 1, 'xog': 1, 'fr-FR': 1, 'yo': 1, 'dv': 1, 'lb': 1, 'nl-NL': 1, 'sw': 1, 'es-ES': 1, 'pi': 1, 'nl-BE': 1, 'ban': 1, 'uk-UA': 1, 'si': 1, 'ha': 1, 'wuu': 1, 'ny': 1, 'ars': 1, 'ain': 1, 'ro-RO': 1, 'sm': 1, 'gn': 1, 'se': 1, 'en-UK': 1, 'kk': 1})
Process 3 counted languages: Counter({'en': 9096881, 'de': 266502, '<Missing>': 75286, 'es': 70771, 'fr': 58489, 'pt': 33111, 'pl': 30848, 'ja': 23780, 'fi': 17976, 'nl': 14278, 'en-AU': 12081, 'sv': 10989, 'it': 10489, 'sq': 4043, 'ak': 3972, 'el': 3765, 'ar': 3720, 'ru': 3572, 'uk': 3544, 'zh': 3298, 'ko': 2943, '<empty>': 2856, 'ca': 2694, 'af': 2466, 'nb': 2366, 'da': 2317, 'am': 1829, 'av': 1590, 'cs': 1555, 'ga': 1245, 'ab': 1228, 'as': 1217, 'aa': 1105, 'an': 1018, 'ae': 785, 'hy': 777, 'tr': 760, 'gl': 747, 'he': 708, 'en-US': 663, 'ay': 618, 'th': 523, 'Angika': 503, 'sk': 484, 'cy': 363, 'hr': 326, 'et': 313, 'hu': 272, 'lg': 266, 'la': 257, 'no': 236, 'id': 213, 'en-GB': 209, 'is': 193, 'tl': 163, 'ro': 147, 'lt': 130, 'gd': 122, 'bg': 119, 'fa': 112, 'cu': 105, 'mi': 103, 'bm': 103, 'sl': 95, 'vi': 94, 'eu': 94, 'eo': 89, 'az': 88, 'lv': 88, 'yi': 87, 'rn': 69, 'ja-JP': 65, 'bn': 65, 'sr': 62, 'sa': 60, 'ny': 57, 'ig': 57, 'ch': 56, 'nn': 54, 'zu': 46, 'hi': 43, 'za': 43, 'ber': 37, 'en-CA': 37, 'ss': 37, 'st': 35, 'br': 33, 'ka': 33, 'kv': 30, 'ky': 30, 'be': 30, 'sco': 28, 'su': 23, 'mk': 23, 'ksh': 23, 'bh': 19, 'uz': 18, 'fa-IR': 17, 'ug': 17, 'ur': 16, 'ik': 16, 'sc': 13, 'moh': 13, 'de-DE': 12, 'haw': 12, 'km': 11, 'nv': 11, 'fo': 10, 'ms': 10, 'ti': 9, 'gu': 8, 'fj': 8, 'pt-BR': 8, 'in': 8, 'ce': 7, 'bs': 7, 'ba': 7, 'bo': 7, 'pa': 7, 'yo': 7, 'kw': 7, 'ta': 6, 'tlh': 6, 'my': 6, 'ast': 6, 'fr-FR': 5, 'vo': 5, 'sm': 5, 'ia': 5, 'yue': 4, 'hsb': 4, 'ho': 4, 'lo': 4, 'fil': 4, 'gv': 3, 'oc': 3, 'wa': 3, 'wo': 3, 'gn': 3, 'mg': 3, 'ml': 3, 'es-ES': 2, 'ko-KR': 2, 'pi': 2, 'ban': 2, 'fy': 2, 'jv': 2, 'nr': 1, 'zh-CN': 1, 'Fr': 1, 'se': 1, 'tg': 1, 'lad': 1, 'lb': 1, 'te': 1, 'cr': 1, 'awa': 1, 'dz': 1, 'ht': 1, 'nl-BE': 1, 'uk-UA': 1, 'ain': 1, 'sw': 1, 'kl': 1})
Process 1 counted languages: Counter({'en': 9151584, 'de': 298529, 'es': 68066, '<Missing>': 61139, 'fr': 57116, 'pt': 30574, 'ja': 24327, 'pl': 23324, 'fi': 20238, 'en-AU': 12733, 'nl': 11235, 'sv': 9905, 'it': 9395, 'sq': 3735, 'ru': 3260, '<empty>': 3251, 'zh': 3137, 'el': 2945, 'uk': 2944, 'ca': 2780, 'ak': 2678, 'ko': 2360, 'ga': 2097, 'nb': 1853, 'ar': 1829, 'as': 1761, 'da': 1746, 'av': 1428, 'am': 1427, 'af': 1284, 'cs': 1086, 'tr': 930, 'aa': 886, 'an': 814, 'hy': 773, 'en-US': 756, 'th': 657, 'gl': 598, 'he': 490, 'ab': 459, 'lg': 450, 'Angika': 431, 'la': 366, 'ae': 306, 'cy': 283, 'hr': 277, 'ay': 276, 'hu': 261, 'et': 254, 'cu': 240, 'sr': 218, 'no': 213, 'is': 188, 'bg': 184, 'en-GB': 180, 'id': 169, 'mi': 144, 'sk': 140, 'tl': 139, 'fa': 136, 'gd': 127, 'eo': 124, 'vi': 123, 'sc': 120, 'ro': 104, 'tw': 95, 'zu': 82, 'sl': 75, 'eu': 75, 'ja-JP': 73, 'nn': 71, 'lv': 70, 'lt': 68, 'rn': 67, 'ss': 63, 'za': 63, 'az': 57, 'br': 49, 'st': 49, 'yi': 48, 'hi': 44, 'bm': 44, 'fo': 35, 'ig': 32, 'bn': 29, 'ber': 28, 'sm': 27, 'ka': 26, 'bh': 24, 'en-CA': 20, 'kv': 20, 'ky': 20, 'sa': 18, 'pa': 17, 'gv': 17, 'mk': 16, 'ur': 16, 'be': 15, 'bs': 14, 'ho': 13, 'ch': 11, 'ie': 10, 'ms': 9, 'de-DE': 9, 'in': 8, 'ta': 8, 'ban': 8, 'wa': 8, 'ny': 8, 'ht': 7, 'fj': 7, 'pt-BR': 6, 'lb': 6, 'yo': 6, 'pi': 6, 'haw': 6, 'ia': 5, 'ti': 5, 'moh': 5, 'kw': 5, 'gn': 5, 'fil': 4, 'tn': 3, 'gsw': 3, 'fr-FR': 3, 'uz': 3, 'wo': 3, 'sco': 3, 'km': 3, 'oj': 2, 'fy': 2, 'nv': 2, 'fa-IR': 2, 'nl-NL': 2, 'kn': 2, 'vo': 2, 'wuu': 2, 'iw': 2, 'se': 2, 'ksh': 1, 'scn': 1, 'jv': 1, 'lkt': 1, 'sv-FI': 1, 'sv-SE': 1, 'nl-BE': 1, 'es-MX': 1, 'mn': 1, 'iu': 1, 'ha': 1, 'tlh': 1, 'ro-RO': 1, 'chr': 1, 'pt-PT': 1, 'su': 1, 'sw': 1, 'ada': 1})
Process 7 counted languages: Counter({'en': 9057186, 'de': 231121, 'es': 110062, '<Missing>': 86200, 'fr': 61536, 'ja': 34569, 'pt': 33718, 'pl': 22118, 'en-AU': 17132, 'nl': 15744, 'fi': 14886, 'it': 9735, 'sq': 7500, 'am': 7164, 'ak': 6392, 'sv': 5822, 'ar': 5123, 'ko': 5077, 'ru': 4955, 'el': 4098, 'zh': 3690, 'aa': 3633, 'ca': 3593, 'tr': 3486, 'af': 3303, '<empty>': 3213, 'ab': 2808, 'uk': 2785, 'nb': 2026, 'da': 2013, 'an': 1980, 'ae': 1828, 'av': 1664, 'as': 1512, 'hy': 1288, 'ga': 1216, 'he': 1087, 'cs': 1012, 'en-US': 886, 'la': 856, 'th': 531, 'gl': 507, 'cy': 428, 'cu': 354, 'Angika': 345, 'eu': 326, 'tl': 325, 'hu': 300, 'ce': 282, 'mi': 271, 'id': 271, 'et': 262, 'en-GB': 244, 'ay': 243, 'lt': 223, 'sk': 195, 'hr': 188, 'fj': 179, 'gd': 179, 'ro': 178, 'is': 176, 'bg': 165, 'lg': 159, 'eo': 126, 'no': 122, 'ja-JP': 121, 'fa': 114, 'sa': 109, 'sr': 106, 'bm': 100, 'vi': 92, 'en-us': 87, 'ba': 63, 'rn': 62, 'sl': 61, 'hi': 57, 'nn': 54, 'yi': 48, 'bs': 47, 'ht': 45, 'sc': 44, 'km': 44, 'be': 44, 'ur': 42, 'ss': 39, 'nr': 38, 'tw': 35, 'ig': 32, 'fa-IR': 32, 'br': 32, 'lv': 30, 'dv': 28, 'ber': 26, 'az': 23, 'zu': 22, 'ksh': 22, 'za': 21, 'pt-BR': 20, 'kw': 19, 'ug': 19, 'de-DE': 15, 'en-UK': 15, 'st': 14, 'mk': 12, 'lo': 11, 'sco': 11, 'ff': 11, 'ka': 10, 'pi': 10, 'bi': 10, 'su': 9, 'haw': 8, 'kn': 8, 'bn': 7, 'ban': 7, 'dz': 6, 'fo': 5, 'jv': 5, 'pa': 5, 'ml': 5, 'sn': 5, 'tlh': 5, 'oj': 5, 'syr': 5, 'en-CA': 4, 'gu': 4, 'in': 4, 'gsw': 4, 'kg': 4, 'nl-NL': 4, 'wa': 4, 'bh': 4, 'wuu': 3, 'ms': 3, 'ta': 3, 'cr': 3, 'moh': 3, 'ast': 3, 'fr-FR': 2, 'fy': 2, 'ko-KR': 2, 'iw': 2, 'oc': 2, 'yue': 2, 'wo': 2, 'lb': 2, 'sm': 2, 'bo': 2, 'kl': 1, 'fil': 1, 'mg': 1, 'tk': 1, 'ny': 1, 'gn': 1, 'sv-FI': 1, 'sv-SE': 1, 'ne': 1, 'mt': 1, 'so': 1, 'und': 1, 'iu': 1})
Process 6 counted languages: Counter({'en': 8988025, 'de': 259452, 'es': 110009, '<Missing>': 96103, 'fr': 63273, 'pl': 36884, 'ja': 34850, 'pt': 33668, 'en-AU': 18739, 'fi': 17195, 'nl': 14532, 'it': 11128, 'sv': 7801, 'tr': 5862, 'ko': 5572, 'ak': 5322, 'am': 5196, 'ar': 4992, 'ru': 4879, 'el': 4826, 'sq': 4516, 'ca': 3730, 'af': 3586, 'zh': 3515, '<empty>': 3000, 'uk': 2889, 'aa': 2586, 'ab': 2401, 'nb': 2106, 'an': 2013, 'da': 1892, 'ae': 1880, 'av': 1595, 'he': 1387, 'as': 1144, 'hy': 963, 'ga': 962, 'th': 942, 'cs': 926, 'en-US': 896, 'gl': 807, 'la': 583, 'ay': 510, 'gd': 438, 'Angika': 400, 'hr': 376, 'hu': 372, 'tl': 351, 'ce': 332, 'cy': 293, 'et': 286, 'id': 286, 'sa': 285, 'sk': 259, 'lt': 246, 'cu': 246, 'ro': 226, 'no': 198, 'en-GB': 193, 'is': 183, 'mi': 171, 'eu': 167, 'bg': 132, 'eo': 129, 'lg': 121, 'ja-JP': 116, 'vi': 104, 'sl': 92, 'yi': 90, 'rn': 82, 'sr': 78, 'fj': 72, 'hi': 67, 'lv': 63, 'bn': 60, 'fa': 57, 'nn': 53, 'ber': 48, 'bm': 38, 'nr': 37, 'ht': 37, 'zu': 33, 'ig': 33, 'st': 29, 'za': 28, 'en-CA': 25, 'dv': 24, 'en-us': 24, 'bs': 23, 'ksh': 22, 'fa-IR': 20, 'sc': 20, 'ur': 20, 'kl': 19, 'br': 17, 'en-UK': 17, 'sco': 16, 'mk': 15, 'az': 15, 'my': 14, 'fo': 14, 'ars': 14, 'ka': 13, 'be': 10, 'pt-BR': 10, 'gv': 9, 'de-DE': 9, 'ba': 8, 'ff': 8, 'ho': 8, 'kw': 8, 'und': 8, 'wo': 7, 'ast': 6, 'tlh': 5, 'lo': 5, 'ug': 5, 'gsw': 5, 'ro-RO': 4, 'oc': 4, 'gu': 4, 'pa': 4, 'in': 4, 'lb': 4, 'ti': 3, 'yue': 3, 'fy': 3, 'vo': 3, 'ta': 3, 'ban': 3, 'fr-FR': 2, 'szl': 2, 'ko-KR': 2, 'ch': 2, 'sv-FI': 2, 'sv-SE': 2, 'bh': 2, 'kn': 2, 'wuu': 2, 'tk': 2, 'mr': 2, 'su': 2, 'wa': 2, 'cr': 2, 'oj': 2, 'ia': 2, 'ss': 1, 'hsb': 1, 'pi': 1, 'bo': 1, 'fil': 1, 'ne': 1, 'se': 1, 'ms': 1, 'mg': 1, 'co': 1, 'ee': 1, 'ha': 1, 'en-SG': 1, 'zh-TW': 1, 'bi': 1, 'jv': 1, 'gn': 1, 'iu': 1})
Process 5 counted languages: Counter({'en': 9112031, 'de': 230154, '<Missing>': 84685, 'es': 78956, 'fr': 60440, 'pt': 31990, 'ja': 28195, 'pl': 25410, 'fi': 17662, 'en-AU': 16586, 'tr': 14121, 'nl': 12309, 'it': 9984, 'sv': 8036, 'ak': 4576, 'sq': 4429, 'ru': 4321, 'ar': 4167, 'am': 3885, 'ko': 3627, 'zh': 3328, 'ca': 3239, 'el': 3170, 'af': 2997, '<empty>': 2908, 'uk': 2875, 'aa': 2225, 'ab': 1938, 'ae': 1795, 'da': 1719, 'nb': 1707, 'cs': 1471, 'av': 1451, 'ga': 1100, 'he': 1068, 'an': 1020, 'as': 1008, 'th': 893, 'hy': 805, 'ay': 693, 'en-US': 669, 'gl': 565, 'gd': 527, 'sk': 515, 'la': 511, 'Angika': 425, 'cy': 412, 'hr': 404, 'et': 369, 'hu': 340, 'tl': 316, 'en-GB': 311, 'lt': 237, 'is': 218, 'cu': 208, 'no': 177, 'id': 176, 'eo': 138, 'vi': 135, 'ro': 131, 'bg': 123, 'eu': 122, 'rn': 98, 'zu': 90, 'mi': 86, 'ce': 84, 'ja-JP': 83, 'fa': 81, 'yi': 80, 'lg': 78, 'sa': 77, 'sr': 76, 'sl': 75, 'hi': 75, 'fj': 51, 'za': 47, 'ber': 44, 'bn': 43, 'mk': 39, 'st': 39, 'ig': 35, 'nn': 34, 'lv': 33, 'nr': 32, 'en-CA': 29, 'bm': 24, 'az': 22, 'fa-IR': 21, 'bs': 18, 'be': 17, 'ur': 17, 'my': 15, 'ka': 15, 'en-UK': 14, 'sc': 14, 'br': 12, 'ba': 12, 'bo': 12, 'fo': 9, 'nv': 9, 'sco': 9, 'ksh': 8, 'lo': 8, 'ms': 8, 'uz': 7, 'pt-BR': 6, 'kl': 6, 'in': 6, 'ast': 6, 'bh': 6, 'tlh': 6, 'gu': 5, 'kk': 5, 'ht': 5, 'jv': 4, 'pi': 4, 'de-DE': 4, 'ss': 4, 'gv': 4, 'km': 4, 'es-ES': 3, 'ars': 3, 'yue': 3, 'rm': 3, 'fr-FR': 3, 'ia': 2, 'bi': 2, 'ti': 2, 'pa': 2, 'wo': 2, 'oc': 2, 'vo': 2, 'ko-KR': 2, 'lb': 2, 'moh': 1, 'ki': 1, 'sw': 1, 'sv-FI': 1, 'sv-SE': 1, 'zh-TW': 1, 'iu': 1, 'haw': 1, 'se': 1, 'nd': 1, 'fil': 1, 'iw': 1, 'oj': 1, 'wuu': 1, 'ie': 1, 'wa': 1, 'ta': 1, 'te': 1, 'gsw': 1, 'ho': 1, 'zh-CN': 1})
Total language counts: [('en', 72772745), ('de', 2103551), ('es', 635915), ('<Missing>', 616382), ('fr', 482957), ('pt', 269539), ('pl', 228583), ('ja', 227321), ('fi', 143567), ('en-AU', 120529), ('nl', 109243), ('it', 80743), ('sv', 70383), ('tr', 65374), ('sq', 34802), ('ak', 33013), ('ru', 32590), ('ko', 29796), ('el', 29068), ('zh', 28821), ('ar', 27171), ('<empty>', 25340), ('am', 25218), ('ca', 24463), ('uk', 24141), ('af', 18134), ('nb', 16858), ('da', 16537), ('aa', 14521), ('ab', 11406), ('av', 11063), ('as', 10628), ('ga', 10367), ('cs', 10365), ('an', 9396), ('ae', 8821), ('he', 6906), ('en-US', 6442), ('hy', 6378), ('th', 5585), ('gl', 4935), ('ay', 4075), ('la', 3581), ('Angika', 3547), ('cy', 2832), ('et', 2555), ('hr', 2516), ('sk', 2506), ('hu', 2428), ('en-GB', 1854), ('tl', 1813), ('id', 1780), ('is', 1777), ('gd', 1709), ('no', 1701), ('lg', 1560), ('cu', 1447), ('lt', 1357), ('bg', 1335), ('mi', 1294), ('ro', 1246), ('eu', 1029), ('eo', 1005), ('sr', 983), ('vi', 892), ('fa', 874), ('ce', 707), ('sl', 678), ('rn', 648), ('ja-JP', 647), ('sa', 622), ('lv', 568), ('yi', 567), ('bm', 458), ('hi', 427), ('nn', 425), ('zu', 419), ('fj', 414), ('az', 387), ('sc', 384), ('za', 342), ('st', 331), ('ig', 314), ('bn', 301), ('ber', 268), ('ss', 264), ('br', 236), ('mk', 211), ('tw', 210), ('ur', 192), ('en-CA', 189), ('ka', 175), ('be', 173), ('fo', 160), ('fa-IR', 148), ('bs', 142), ('ksh', 126), ('en-us', 111), ('nr', 109), ('ky', 103), ('bh', 102), ('kv', 102), ('ht', 99), ('sco', 98), ('ch', 98), ('ba', 96), ('ny', 91), ('ta', 90), ('fil', 87), ('ug', 81), ('de-DE', 72), ('pt-BR', 69), ('ho', 69), ('km', 68), ('sm', 67), ('kw', 66), ('uz', 65), ('pa', 63), ('ms', 61), ('gv', 59), ('dv', 58), ('su', 57), ('in', 50), ('en-UK', 49), ('tlh', 47), ('my', 47), ('moh', 43), ('ti', 39), ('wo', 37), ('lb', 35), ('nv', 35), ('lo', 34), ('kl', 34), ('pi', 33), ('fr-FR', 33), ('haw', 33), ('ban', 30), ('ia', 27), ('ast', 27), ('wa', 27), ('bo', 27), ('ml', 25), ('vo', 24), ('gu', 24), ('oc', 22), ('mg', 20), ('bi', 20), ('ie', 19), ('ars', 19), ('ff', 19), ('yue', 18), ('gsw', 18), ('jv', 18), ('nl-NL', 17), ('fy', 17), ('ik', 17), ('wuu', 16), ('yo', 15), ('gn', 14), ('se', 13), ('oj', 12), ('es-ES', 12), ('kn', 12), ('und', 11), ('tn', 10), ('iw', 10), ('dz', 10), ('ko-KR', 9), ('sw', 9), ('kk', 7), ('ha', 7), ('iu', 7), ('ro-RO', 6), ('cr', 6), ('sv-FI', 5), ('sv-SE', 5), ('hsb', 5), ('sn', 5), ('syr', 5), ('tk', 4), ('nl-BE', 4), ('frc', 4), ('kg', 4), ('ne', 3), ('rm', 3), ('gaa', 2), ('ee', 2), ('co', 2), ('nd', 2), ('ada', 2), ('lkt', 2), ('ki', 2), ('tg', 2), ('zh-CN', 2), ('te', 2), ('uk-UA', 2), ('ain', 2), ('zh-TW', 2), ('szl', 2), ('mr', 2), ('nap', 1), ('zxx', 1), ('to', 1), ('un', 1), ('lou', 1), ('scn', 1), ('es-MX', 1), ('mn', 1), ('chr', 1), ('pt-PT', 1), ('zh-tw', 1), ('tet', 1), ('cv', 1), ('Fr', 1), ('lad', 1), ('awa', 1), ('xog', 1), ('si', 1), ('en-SG', 1), ('mt', 1), ('so', 1)]
Language | Frequency
---------|----------
en       | 72772745
de       | 2103551
es       | 635915
<Missing>| 616382
fr       | 482957
pt       | 269539
pl       | 228583
ja       | 227321
fi       | 143567
en-AU    | 120529
nl       | 109243
it       | 80743
sv       | 70383
tr       | 65374
sq       | 34802
ak       | 33013
ru       | 32590
ko       | 29796
el       | 29068
zh       | 28821
ar       | 27171
<empty>  | 25340
am       | 25218
ca       | 24463
uk       | 24141
af       | 18134
nb       | 16858
da       | 16537
aa       | 14521
ab       | 11406
av       | 11063
as       | 10628
ga       | 10367
cs       | 10365
an       | 9396
ae       | 8821
he       | 6906
en-US    | 6442
hy       | 6378
th       | 5585
gl       | 4935
ay       | 4075
la       | 3581
Angika   | 3547
cy       | 2832
et       | 2555
hr       | 2516
sk       | 2506
hu       | 2428
en-GB    | 1854
tl       | 1813
id       | 1780
is       | 1777
gd       | 1709
no       | 1701
lg       | 1560
cu       | 1447
lt       | 1357
bg       | 1335
mi       | 1294
ro       | 1246
eu       | 1029
eo       | 1005
sr       | 983
vi       | 892
fa       | 874
ce       | 707
sl       | 678
rn       | 648
ja-JP    | 647
sa       | 622
lv       | 568
yi       | 567
bm       | 458
hi       | 427
nn       | 425
zu       | 419
fj       | 414
az       | 387
sc       | 384
za       | 342
st       | 331
ig       | 314
bn       | 301
ber      | 268
ss       | 264
br       | 236
mk       | 211
tw       | 210
ur       | 192
en-CA    | 189
ka       | 175
be       | 173
fo       | 160
fa-IR    | 148
bs       | 142
ksh      | 126
en-us    | 111
nr       | 109
ky       | 103
bh       | 102
kv       | 102
ht       | 99
sco      | 98
ch       | 98
ba       | 96
ny       | 91
ta       | 90
fil      | 87
ug       | 81
de-DE    | 72
pt-BR    | 69
ho       | 69
km       | 68
sm       | 67
kw       | 66
uz       | 65
pa       | 63
ms       | 61
gv       | 59
dv       | 58
su       | 57
in       | 50
en-UK    | 49
tlh      | 47
my       | 47
moh      | 43
ti       | 39
wo       | 37
lb       | 35
nv       | 35
lo       | 34
kl       | 34
pi       | 33
fr-FR    | 33
haw      | 33
ban      | 30
ia       | 27
ast      | 27
wa       | 27
bo       | 27
ml       | 25
vo       | 24
gu       | 24
oc       | 22
mg       | 20
bi       | 20
ie       | 19
ars      | 19
ff       | 19
yue      | 18
gsw      | 18
jv       | 18
nl-NL    | 17
fy       | 17
ik       | 17
wuu      | 16
yo       | 15
gn       | 14
se       | 13
oj       | 12
es-ES    | 12
kn       | 12
und      | 11
tn       | 10
iw       | 10
dz       | 10
ko-KR    | 9
sw       | 9
kk       | 7
ha       | 7
iu       | 7
ro-RO    | 6
cr       | 6
sv-FI    | 5
sv-SE    | 5
hsb      | 5
sn       | 5
syr      | 5
tk       | 4
nl-BE    | 4
frc      | 4
kg       | 4
ne       | 3
rm       | 3
gaa      | 2
ee       | 2
co       | 2
nd       | 2
ada      | 2
lkt      | 2
ki       | 2
tg       | 2
zh-CN    | 2
te       | 2
uk-UA    | 2
ain      | 2
zh-TW    | 2
szl      | 2
mr       | 2
nap      | 1
zxx      | 1
to       | 1
un       | 1
lou      | 1
scn      | 1
es-MX    | 1
mn       | 1
chr      | 1
pt-PT    | 1
zh-tw    | 1
tet      | 1
cv       | 1
Fr       | 1
lad      | 1
awa      | 1
xog      | 1
si       | 1
en-SG    | 1
mt       | 1
so       | 1
Execution time: 173.917788 seconds
